
*** Running vivado
    with args -log dist_mem_gen_0.vds -m64 -product Vivado -mode batch -messageDb vivado.pb -notrace -source dist_mem_gen_0.tcl


****** Vivado v2016.4 (64-bit)
  **** SW Build 1756540 on Mon Jan 23 19:11:19 MST 2017
  **** IP Build 1755317 on Mon Jan 23 20:30:07 MST 2017
    ** Copyright 1986-2016 Xilinx, Inc. All Rights Reserved.

source dist_mem_gen_0.tcl -notrace
Starting RTL Elaboration : Time (s): cpu = 00:00:07 ; elapsed = 00:00:07 . Memory (MB): peak = 1090.801 ; gain = 168.086 ; free physical = 2167 ; free virtual = 13400
INFO: [Synth 8-638] synthesizing module 'dist_mem_gen_0' [/home/btech/cs1170347/cs1170347_cs1170350_lab6/cs1170347_cs1170350_lab6.srcs/sources_1/ip/dist_mem_gen_0/synth/dist_mem_gen_0.vhd:66]
INFO: [Synth 8-256] done synthesizing module 'dist_mem_gen_0' (4#1) [/home/btech/cs1170347/cs1170347_cs1170350_lab6/cs1170347_cs1170350_lab6.srcs/sources_1/ip/dist_mem_gen_0/synth/dist_mem_gen_0.vhd:66]
Finished RTL Elaboration : Time (s): cpu = 00:00:08 ; elapsed = 00:00:08 . Memory (MB): peak = 1132.270 ; gain = 209.555 ; free physical = 2112 ; free virtual = 13357
Finished RTL Optimization Phase 1 : Time (s): cpu = 00:00:08 ; elapsed = 00:00:08 . Memory (MB): peak = 1132.270 ; gain = 209.555 ; free physical = 2111 ; free virtual = 13356
INFO: [Device 21-403] Loading part xc7a35tcpg236-1
Constraint Validation Runtime : Time (s): cpu = 00:00:00.01 ; elapsed = 00:00:00.02 . Memory (MB): peak = 1410.508 ; gain = 0.000 ; free physical = 1950 ; free virtual = 13195
Finished Constraint Validation : Time (s): cpu = 00:00:15 ; elapsed = 00:00:16 . Memory (MB): peak = 1410.508 ; gain = 487.793 ; free physical = 1948 ; free virtual = 13193
Finished Loading Part and Timing Information : Time (s): cpu = 00:00:15 ; elapsed = 00:00:16 . Memory (MB): peak = 1410.508 ; gain = 487.793 ; free physical = 1948 ; free virtual = 13193
Finished applying 'set_property' XDC Constraints : Time (s): cpu = 00:00:15 ; elapsed = 00:00:16 . Memory (MB): peak = 1410.508 ; gain = 487.793 ; free physical = 1948 ; free virtual = 13193
Finished RTL Optimization Phase 2 : Time (s): cpu = 00:00:15 ; elapsed = 00:00:16 . Memory (MB): peak = 1410.508 ; gain = 487.793 ; free physical = 1933 ; free virtual = 13178
Finished Cross Boundary and Area Optimization : Time (s): cpu = 00:00:15 ; elapsed = 00:00:16 . Memory (MB): peak = 1410.523 ; gain = 487.809 ; free physical = 1909 ; free virtual = 13154
---------------------------------------------------------------------------------
Start ROM, RAM, DSP and Shift Register Reporting
---------------------------------------------------------------------------------

ROM:
+------------+------------+---------------+----------------+
|Module Name | RTL Object | Depth x Width | Implemented As | 
+------------+------------+---------------+----------------+
|rom         | rom[255]   | 256x32        | LUT            | 
+------------+------------+---------------+----------------+

---------------------------------------------------------------------------------
Finished ROM, RAM, DSP and Shift Register Reporting
---------------------------------------------------------------------------------
Finished Applying XDC Timing Constraints : Time (s): cpu = 00:00:21 ; elapsed = 00:00:22 . Memory (MB): peak = 1412.523 ; gain = 489.809 ; free physical = 1899 ; free virtual = 13144
Finished Timing Optimization : Time (s): cpu = 00:00:21 ; elapsed = 00:00:22 . Memory (MB): peak = 1412.523 ; gain = 489.809 ; free physical = 1899 ; free virtual = 13144
Finished Technology Mapping : Time (s): cpu = 00:00:21 ; elapsed = 00:00:22 . Memory (MB): peak = 1422.539 ; gain = 499.824 ; free physical = 1890 ; free virtual = 13135
Finished IO Insertion : Time (s): cpu = 00:00:22 ; elapsed = 00:00:23 . Memory (MB): peak = 1422.539 ; gain = 499.824 ; free physical = 1890 ; free virtual = 13135
Finished Renaming Generated Instances : Time (s): cpu = 00:00:22 ; elapsed = 00:00:23 . Memory (MB): peak = 1422.539 ; gain = 499.824 ; free physical = 1890 ; free virtual = 13135
Finished Rebuilding User Hierarchy : Time (s): cpu = 00:00:22 ; elapsed = 00:00:23 . Memory (MB): peak = 1422.539 ; gain = 499.824 ; free physical = 1890 ; free virtual = 13135
Finished Renaming Generated Ports : Time (s): cpu = 00:00:22 ; elapsed = 00:00:23 . Memory (MB): peak = 1422.539 ; gain = 499.824 ; free physical = 1890 ; free virtual = 13135
Finished Handling Custom Attributes : Time (s): cpu = 00:00:22 ; elapsed = 00:00:23 . Memory (MB): peak = 1422.539 ; gain = 499.824 ; free physical = 1890 ; free virtual = 13135
Finished Renaming Generated Nets : Time (s): cpu = 00:00:22 ; elapsed = 00:00:23 . Memory (MB): peak = 1422.539 ; gain = 499.824 ; free physical = 1890 ; free virtual = 13135

Report Cell Usage: 
+------+-----+------+
|      |Cell |Count |
+------+-----+------+
|1     |LUT3 |     2|
|2     |LUT4 |     7|
|3     |LUT5 |     8|
|4     |LUT6 |     2|
+------+-----+------+
Finished Writing Synthesis Report : Time (s): cpu = 00:00:22 ; elapsed = 00:00:23 . Memory (MB): peak = 1422.539 ; gain = 499.824 ; free physical = 1890 ; free virtual = 13135
synth_design: Time (s): cpu = 00:00:19 ; elapsed = 00:00:20 . Memory (MB): peak = 1472.555 ; gain = 461.336 ; free physical = 1874 ; free virtual = 13119
