
*** Running vivado
    with args -log dist_mem_gen_0.vds -m64 -product Vivado -mode batch -messageDb vivado.pb -notrace -source dist_mem_gen_0.tcl


****** Vivado v2016.4 (64-bit)
  **** SW Build 1756540 on Mon Jan 23 19:11:19 MST 2017
  **** IP Build 1755317 on Mon Jan 23 20:30:07 MST 2017
    ** Copyright 1986-2016 Xilinx, Inc. All Rights Reserved.

source dist_mem_gen_0.tcl -notrace
Starting RTL Elaboration : Time (s): cpu = 00:00:07 ; elapsed = 00:00:07 . Memory (MB): peak = 1090.797 ; gain = 168.086 ; free physical = 3050 ; free virtual = 13002
INFO: [Synth 8-638] synthesizing module 'dist_mem_gen_0' [/home/btech/cs1170347/cs1170347_cs1170350_lab6/cs1170347_cs1170350_lab6.srcs/sources_1/ip/dist_mem_gen_0/synth/dist_mem_gen_0.vhd:69]
INFO: [Synth 8-256] done synthesizing module 'dist_mem_gen_0' (4#1) [/home/btech/cs1170347/cs1170347_cs1170350_lab6/cs1170347_cs1170350_lab6.srcs/sources_1/ip/dist_mem_gen_0/synth/dist_mem_gen_0.vhd:69]
Finished RTL Elaboration : Time (s): cpu = 00:00:08 ; elapsed = 00:00:08 . Memory (MB): peak = 1134.266 ; gain = 211.555 ; free physical = 3006 ; free virtual = 12958
Finished RTL Optimization Phase 1 : Time (s): cpu = 00:00:08 ; elapsed = 00:00:09 . Memory (MB): peak = 1134.266 ; gain = 211.555 ; free physical = 3005 ; free virtual = 12958
INFO: [Device 21-403] Loading part xc7a35tcpg236-1
Constraint Validation Runtime : Time (s): cpu = 00:00:00.02 ; elapsed = 00:00:00.02 . Memory (MB): peak = 1457.512 ; gain = 0.000 ; free physical = 2847 ; free virtual = 12799
Finished Constraint Validation : Time (s): cpu = 00:00:15 ; elapsed = 00:00:16 . Memory (MB): peak = 1457.512 ; gain = 534.801 ; free physical = 2849 ; free virtual = 12798
Finished Loading Part and Timing Information : Time (s): cpu = 00:00:15 ; elapsed = 00:00:16 . Memory (MB): peak = 1457.512 ; gain = 534.801 ; free physical = 2849 ; free virtual = 12798
Finished applying 'set_property' XDC Constraints : Time (s): cpu = 00:00:15 ; elapsed = 00:00:16 . Memory (MB): peak = 1457.512 ; gain = 534.801 ; free physical = 2849 ; free virtual = 12798
Finished RTL Optimization Phase 2 : Time (s): cpu = 00:00:15 ; elapsed = 00:00:16 . Memory (MB): peak = 1457.512 ; gain = 534.801 ; free physical = 2849 ; free virtual = 12798
Finished Cross Boundary and Area Optimization : Time (s): cpu = 00:00:15 ; elapsed = 00:00:16 . Memory (MB): peak = 1457.512 ; gain = 534.801 ; free physical = 2849 ; free virtual = 12798
---------------------------------------------------------------------------------
Start ROM, RAM, DSP and Shift Register Reporting
---------------------------------------------------------------------------------

Distributed RAM: Preliminary Mapping  Report (see note below)
+---------------------+-----------------------------------------------------------+----------------+----------------------+-----------------+
|Module Name          | RTL Object                                                | Inference      | Size (Depth x Width) | Primitives      | 
+---------------------+-----------------------------------------------------------+----------------+----------------------+-----------------+
|dist_mem_gen_v8_0_11 | synth_options.dist_mem_inst/gen_sp_ram.spram_inst/ram_reg | User Attribute | 64 x 16              | RAM64X1S x 16   | 
+---------------------+-----------------------------------------------------------+----------------+----------------------+-----------------+

Note: The table above is a preliminary report that shows the Distributed RAMs at the current stage of the synthesis flow. Some Distributed RAMs may be reimplemented as non Distributed RAM primitives later in the synthesis flow. Multiple instantiated RAMs are reported only once.
---------------------------------------------------------------------------------
Finished ROM, RAM, DSP and Shift Register Reporting
---------------------------------------------------------------------------------
Finished Applying XDC Timing Constraints : Time (s): cpu = 00:00:21 ; elapsed = 00:00:22 . Memory (MB): peak = 1457.512 ; gain = 534.801 ; free physical = 2800 ; free virtual = 12749
Finished Timing Optimization : Time (s): cpu = 00:00:21 ; elapsed = 00:00:22 . Memory (MB): peak = 1457.512 ; gain = 534.801 ; free physical = 2800 ; free virtual = 12749
Finished Technology Mapping : Time (s): cpu = 00:00:22 ; elapsed = 00:00:22 . Memory (MB): peak = 1457.512 ; gain = 534.801 ; free physical = 2782 ; free virtual = 12731
Finished IO Insertion : Time (s): cpu = 00:00:22 ; elapsed = 00:00:23 . Memory (MB): peak = 1457.512 ; gain = 534.801 ; free physical = 2782 ; free virtual = 12731
Finished Renaming Generated Instances : Time (s): cpu = 00:00:22 ; elapsed = 00:00:23 . Memory (MB): peak = 1457.512 ; gain = 534.801 ; free physical = 2782 ; free virtual = 12731
Finished Rebuilding User Hierarchy : Time (s): cpu = 00:00:22 ; elapsed = 00:00:23 . Memory (MB): peak = 1457.512 ; gain = 534.801 ; free physical = 2782 ; free virtual = 12731
Finished Renaming Generated Ports : Time (s): cpu = 00:00:22 ; elapsed = 00:00:23 . Memory (MB): peak = 1457.512 ; gain = 534.801 ; free physical = 2782 ; free virtual = 12731
Finished Handling Custom Attributes : Time (s): cpu = 00:00:22 ; elapsed = 00:00:23 . Memory (MB): peak = 1457.512 ; gain = 534.801 ; free physical = 2781 ; free virtual = 12731
Finished Renaming Generated Nets : Time (s): cpu = 00:00:22 ; elapsed = 00:00:23 . Memory (MB): peak = 1457.512 ; gain = 534.801 ; free physical = 2781 ; free virtual = 12731

Report Cell Usage: 
+------+---------+------+
|      |Cell     |Count |
+------+---------+------+
|1     |RAM64X1S |    16|
|2     |FDRE     |    16|
+------+---------+------+
Finished Writing Synthesis Report : Time (s): cpu = 00:00:22 ; elapsed = 00:00:23 . Memory (MB): peak = 1457.512 ; gain = 534.801 ; free physical = 2781 ; free virtual = 12731
synth_design: Time (s): cpu = 00:00:19 ; elapsed = 00:00:20 . Memory (MB): peak = 1457.512 ; gain = 446.297 ; free physical = 2776 ; free virtual = 12726
