Vivado Simulator 2016.4
Copyright 1986-1999, 2001-2016 Xilinx, Inc. All Rights Reserved.
Running: /opt/Xilinx/Vivado/2016.4/bin/unwrapped/lnx64.o/xelab -wto 771d5437383740318743bfa82d9cd51e --debug typical --relax --mt 8 -L dist_mem_gen_v8_0_11 -L xil_defaultlib -L unisims_ver -L unimacro_ver -L secureip -L xpm --snapshot memoryInt_behav xil_defaultlib.memoryInt xil_defaultlib.glbl -log elaborate.log 
Using 8 slave threads.
WARNING: [XSIM 43-3431] One or more environment variables have been detected which affect the operation of the C compiler. These are typically not set in standard installations and are not tested by Xilinx, however they may be appropriate for your system, so the flow will attempt to continue.  If errors occur, try running fuse with the "-mt off -v 1" switches to see more information from the C compiler. The following environment variables have been detected:
Starting static elaboration
WARNING: [VRFC 10-1625] value in initialization depends on signal zero32 [/home/btech/cs1170347/cs1170347_cs1170350_lab6/cs1170347_cs1170350_lab6.srcs/sources_1/imports/new/memoryInt.vhd:47]
Completed static elaboration
Starting simulation data flow analysis
Completed simulation data flow analysis
Time Resolution for simulation is 1ps
Compiling package std.standard
Compiling package std.textio
Compiling package ieee.std_logic_1164
Compiling package ieee.std_logic_arith
Compiling package ieee.std_logic_unsigned
Compiling package ieee.numeric_std
Compiling package vl.vl_types
Compiling module xil_defaultlib.glbl
Compiling architecture behavioral of entity xil_defaultlib.freq_div_2_14 [freq_div_2_14_default]
Compiling architecture behavioral of entity xil_defaultlib.debounce [debounce_default]
Compiling architecture behavioral of entity xil_defaultlib.CPU_design [cpu_design_default]
Compiling module dist_mem_gen_v8_0_11.dist_mem_gen_v8_0_11(C_FAMILY="a...
Compiling module xil_defaultlib.dist_mem_gen_0
Compiling module dist_mem_gen_v8_0_11.dist_mem_gen_v8_0_11(C_FAMILY="a...
Compiling module xil_defaultlib.dist_mem_gen_1
Compiling architecture behavioral of entity xil_defaultlib.memoryint
Built simulation snapshot memoryInt_behav
