
*** Running vivado
    with args -log dist_mem_gen_0.vds -m64 -product Vivado -mode batch -messageDb vivado.pb -notrace -source dist_mem_gen_0.tcl


****** Vivado v2016.4 (64-bit)
  **** SW Build 1756540 on Mon Jan 23 19:11:19 MST 2017
  **** IP Build 1755317 on Mon Jan 23 20:30:07 MST 2017
    ** Copyright 1986-2016 Xilinx, Inc. All Rights Reserved.

source dist_mem_gen_0.tcl -notrace
Starting RTL Elaboration : Time (s): cpu = 00:00:07 ; elapsed = 00:00:09 . Memory (MB): peak = 1090.793 ; gain = 168.086 ; free physical = 4255 ; free virtual = 14056
INFO: [Synth 8-638] synthesizing module 'dist_mem_gen_0' [/home/btech/cs1170347/cs1170347_cs1170350_lab6/cs1170347_cs1170350_lab6.srcs/sources_1/ip/dist_mem_gen_0/synth/dist_mem_gen_0.vhd:66]
INFO: [Synth 8-256] done synthesizing module 'dist_mem_gen_0' (4#1) [/home/btech/cs1170347/cs1170347_cs1170350_lab6/cs1170347_cs1170350_lab6.srcs/sources_1/ip/dist_mem_gen_0/synth/dist_mem_gen_0.vhd:66]
Finished RTL Elaboration : Time (s): cpu = 00:00:08 ; elapsed = 00:00:10 . Memory (MB): peak = 1132.262 ; gain = 209.555 ; free physical = 4213 ; free virtual = 14014
Finished RTL Optimization Phase 1 : Time (s): cpu = 00:00:08 ; elapsed = 00:00:10 . Memory (MB): peak = 1132.262 ; gain = 209.555 ; free physical = 4213 ; free virtual = 14014
INFO: [Device 21-403] Loading part xc7a35tcpg236-1
Constraint Validation Runtime : Time (s): cpu = 00:00:00.01 ; elapsed = 00:00:00.02 . Memory (MB): peak = 1410.277 ; gain = 0.000 ; free physical = 4050 ; free virtual = 13853
Finished Constraint Validation : Time (s): cpu = 00:00:15 ; elapsed = 00:00:17 . Memory (MB): peak = 1410.277 ; gain = 487.570 ; free physical = 4050 ; free virtual = 13853
Finished Loading Part and Timing Information : Time (s): cpu = 00:00:15 ; elapsed = 00:00:17 . Memory (MB): peak = 1410.277 ; gain = 487.570 ; free physical = 4050 ; free virtual = 13853
Finished applying 'set_property' XDC Constraints : Time (s): cpu = 00:00:15 ; elapsed = 00:00:17 . Memory (MB): peak = 1410.277 ; gain = 487.570 ; free physical = 4050 ; free virtual = 13853
Finished RTL Optimization Phase 2 : Time (s): cpu = 00:00:15 ; elapsed = 00:00:17 . Memory (MB): peak = 1410.277 ; gain = 487.570 ; free physical = 4039 ; free virtual = 13842
Finished Cross Boundary and Area Optimization : Time (s): cpu = 00:00:15 ; elapsed = 00:00:18 . Memory (MB): peak = 1410.293 ; gain = 487.586 ; free physical = 4015 ; free virtual = 13818
---------------------------------------------------------------------------------
Start ROM, RAM, DSP and Shift Register Reporting
---------------------------------------------------------------------------------

ROM:
+------------+------------+---------------+----------------+
|Module Name | RTL Object | Depth x Width | Implemented As | 
+------------+------------+---------------+----------------+
|rom         | rom[255]   | 256x32        | LUT            | 
+------------+------------+---------------+----------------+

---------------------------------------------------------------------------------
Finished ROM, RAM, DSP and Shift Register Reporting
---------------------------------------------------------------------------------
Finished Applying XDC Timing Constraints : Time (s): cpu = 00:00:21 ; elapsed = 00:00:24 . Memory (MB): peak = 1412.293 ; gain = 489.586 ; free physical = 3999 ; free virtual = 13802
Finished Timing Optimization : Time (s): cpu = 00:00:21 ; elapsed = 00:00:24 . Memory (MB): peak = 1412.293 ; gain = 489.586 ; free physical = 3999 ; free virtual = 13802
Finished Technology Mapping : Time (s): cpu = 00:00:21 ; elapsed = 00:00:24 . Memory (MB): peak = 1421.309 ; gain = 498.602 ; free physical = 3991 ; free virtual = 13793
Finished IO Insertion : Time (s): cpu = 00:00:21 ; elapsed = 00:00:24 . Memory (MB): peak = 1421.309 ; gain = 498.602 ; free physical = 3991 ; free virtual = 13793
Finished Renaming Generated Instances : Time (s): cpu = 00:00:21 ; elapsed = 00:00:24 . Memory (MB): peak = 1421.309 ; gain = 498.602 ; free physical = 3991 ; free virtual = 13793
Finished Rebuilding User Hierarchy : Time (s): cpu = 00:00:21 ; elapsed = 00:00:24 . Memory (MB): peak = 1421.309 ; gain = 498.602 ; free physical = 3991 ; free virtual = 13793
Finished Renaming Generated Ports : Time (s): cpu = 00:00:21 ; elapsed = 00:00:24 . Memory (MB): peak = 1421.309 ; gain = 498.602 ; free physical = 3991 ; free virtual = 13793
Finished Handling Custom Attributes : Time (s): cpu = 00:00:21 ; elapsed = 00:00:24 . Memory (MB): peak = 1421.309 ; gain = 498.602 ; free physical = 3990 ; free virtual = 13793
Finished Renaming Generated Nets : Time (s): cpu = 00:00:21 ; elapsed = 00:00:24 . Memory (MB): peak = 1421.309 ; gain = 498.602 ; free physical = 3990 ; free virtual = 13793

Report Cell Usage: 
+------+-----+------+
|      |Cell |Count |
+------+-----+------+
|1     |LUT2 |     1|
|2     |LUT3 |     4|
|3     |LUT6 |     1|
+------+-----+------+
Finished Writing Synthesis Report : Time (s): cpu = 00:00:21 ; elapsed = 00:00:24 . Memory (MB): peak = 1421.309 ; gain = 498.602 ; free physical = 3990 ; free virtual = 13793
synth_design: Time (s): cpu = 00:00:19 ; elapsed = 00:00:20 . Memory (MB): peak = 1471.324 ; gain = 460.113 ; free physical = 3974 ; free virtual = 13777
